\BOOKMARK [0][]{anchor:title.0}{Campos de direcionalidade na gera\347\343o e avalia\347\343o de malhas de quadril\341teros}{}% 1
\BOOKMARK [0][]{anchor:abstract.0}{Resumo}{}% 2
\BOOKMARK [0][]{anchor:contents.0}{Sum\341rio}{}% 3
\BOOKMARK [0][]{chapter.1}{Introdu\347\343o}{}% 4
\BOOKMARK [0][]{chapter.2}{Trabalhos relacionados}{}% 5
\BOOKMARK [1][]{section.2.1}{Gera\347\343o de malhas de quadril\341teros}{chapter.2}% 6
\BOOKMARK [1][]{section.2.2}{M\351tricas de qualidade de malhas de quadril\341teros}{chapter.2}% 7
\BOOKMARK [0][]{chapter.3}{Parti\347\343o do dom\355nio em regi\365es quadrilaterais}{}% 8
\BOOKMARK [1][]{section.3.1}{Campo de direcionalidade}{chapter.3}% 9
\BOOKMARK [1][]{section.3.2}{Singularidades}{chapter.3}% 10
\BOOKMARK [1][]{section.3.3}{Separatrizes}{chapter.3}% 11
\BOOKMARK [2][]{subsection.3.3.1}{Combina\347\343o de separatrizes}{section.3.3}% 12
\BOOKMARK [2][]{subsection.3.3.2}{Raio de influ\352ncia}{section.3.3}% 13
\BOOKMARK [1][]{section.3.4}{Gera\347\343o da malha de quadril\341teros}{chapter.3}% 14
\BOOKMARK [1][]{section.3.5}{Implementa\347\343o e Resultados}{chapter.3}% 15
\BOOKMARK [2][]{subsection.3.5.1}{Campo de direcionalidade}{section.3.5}% 16
\BOOKMARK [2][]{subsection.3.5.2}{Singularidades}{section.3.5}% 17
\BOOKMARK [2][]{subsection.3.5.3}{Separatrizes}{section.3.5}% 18
\BOOKMARK [2][]{subsection.3.5.4}{Varia\347\343o do raio de influ\352ncia}{section.3.5}% 19
\BOOKMARK [2][]{subsection.3.5.5}{Parti\347\343o de dom\355nios com restri\347\365es}{section.3.5}% 20
\BOOKMARK [0][]{chapter.4}{M\351trica de qualidade de alinhamento de malhas quadrilaterais}{}% 21
\BOOKMARK [1][]{section.4.1}{Exemplos}{chapter.4}% 22
\BOOKMARK [2][]{subsection.4.1.1}{Influ\352ncia do raio na qualidade da malha}{section.4.1}% 23
\BOOKMARK [2][]{subsection.4.1.2}{Dom\355nios com restri\347\365es}{section.4.1}% 24
\BOOKMARK [0][]{chapter.5}{Conclus\343o}{}% 25
\BOOKMARK [0][]{chapter*.1}{Refer\352ncias Bibliogr\341ficas}{}% 26
